<?xml version="1.0" encoding="UTF-8"?>
<testsuite xmlns:xsi="http://www.w3.org/2001/XMLSchema-instance" xsi:noNamespaceSchemaLocation="https://maven.apache.org/surefire/maven-surefire-plugin/xsd/surefire-test-report-3.0.xsd" version="3.0" name="com.stockpulse.ai.RecommendationOrchestratorTest" time="5.454" tests="2" errors="0" skipped="0" failures="0">
  <properties>
[...]
</properties>
  <testcase name="testIndependentIdempotency" classname="com.stockpulse.ai.RecommendationOrchestratorTest" time="0.263">
    <system-out><![CDATA[11:51:14.436 [main] INFO org.springframework.test.context.support.AnnotationConfigContextLoaderUtils -- Could not detect default configuration classes for test class [com.stockpulse.ai.RecommendationOrchestratorTest]: RecommendationOrchestratorTest does not declare any static, non-private, non-final, nested classes annotated with @Configuration.
11:51:14.568 [main] INFO org.springframework.boot.test.context.SpringBootTestContextBootstrapper -- Found @SpringBootConfiguration com.stockpulse.StockPulseApplication for test class com.stockpulse.ai.RecommendationOrchestratorTest

  .   ____          _            __ _ _
 /\\ / ___'_ __ _ _(_)_ __  __ _ \ \ \ \
( ( )\___ | '_ | '_| | '_ \/ _` | \ \ \ \
 \\/  ___)| |_)| | | | | || (_| |  ) ) ) )
  '  |____| .__|_| |_|_| |_\__, | / / / /
 =========|_|==============|___/=/_/_/_/
 :: Spring Boot ::                (v3.2.3)

2026-09-01T11:51:14.943+05:30  INFO 18484 --- [stockpulse] [           main] c.s.ai.RecommendationOrchestratorTest    : Starting RecommendationOrchestratorTest using Java 21.0.12.1 with PID 18484 (started by zycus in C:\Users\zycus\Documents\Shaurya Hackathon\backend)
2026-09-01T11:51:14.944+05:30  INFO 18484 --- [stockpulse] [           main] c.s.ai.RecommendationOrchestratorTest    : No active profile set, falling back to 1 default profile: "default"
2026-09-01T11:51:15.648+05:30  INFO 18484 --- [stockpulse] [           main] .s.d.r.c.RepositoryConfigurationDelegate : Bootstrapping Spring Data JPA repositories in DEFAULT mode.
2026-09-01T11:51:15.820+05:30  INFO 18484 --- [stockpulse] [           main] .s.d.r.c.RepositoryConfigurationDelegate : Finished Spring Data repository scanning in 166 ms. Found 3 JPA repository interfaces.
2026-09-01T11:51:16.367+05:30  INFO 18484 --- [stockpulse] [           main] o.hibernate.jpa.internal.util.LogHelper  : HHH000204: Processing PersistenceUnitInfo [name: default]
2026-09-01T11:51:16.472+05:30  INFO 18484 --- [stockpulse] [           main] org.hibernate.Version                    : HHH000412: Hibernate ORM core version 6.4.4.Final
2026-09-01T11:51:16.527+05:30  INFO 18484 --- [stockpulse] [           main] o.h.c.internal.RegionFactoryInitiator    : HHH000026: Second-level cache disabled
2026-09-01T11:51:16.686+05:30  INFO 18484 --- [stockpulse] [           main] o.s.o.j.p.SpringPersistenceUnitInfo      : No LoadTimeWeaver setup: ignoring JPA class transformer
2026-09-01T11:51:16.723+05:30  INFO 18484 --- [stockpulse] [           main] com.zaxxer.hikari.HikariDataSource       : HikariPool-1 - Starting...
2026-09-01T11:51:16.940+05:30  INFO 18484 --- [stockpulse] [           main] com.zaxxer.hikari.pool.HikariPool        : HikariPool-1 - Added connection conn0: url=jdbc:h2:mem:stockpulse user=SA
2026-09-01T11:51:16.942+05:30  INFO 18484 --- [stockpulse] [           main] com.zaxxer.hikari.HikariDataSource       : HikariPool-1 - Start completed.
2026-09-01T11:51:16.965+05:30  WARN 18484 --- [stockpulse] [           main] org.hibernate.orm.deprecation            : HHH90000025: H2Dialect does not need to be specified explicitly using 'hibernate.dialect' (remove the property setting and it will be selected by default)
2026-09-01T11:51:17.753+05:30  INFO 18484 --- [stockpulse] [           main] o.h.e.t.j.p.i.JtaPlatformInitiator       : HHH000489: No JTA platform available (set 'hibernate.transaction.jta.platform' to enable JTA platform integration)
Hibernate: 
    drop table if exists pricing_suggestions cascade 
Hibernate: 
    drop table if exists products cascade 
Hibernate: 
    drop table if exists reorder_suggestions cascade 
Hibernate: 
    create table pricing_suggestions (
        confidence float(53),
        current_price numeric(38,2),
        recommended_price numeric(38,2),
        created_at timestamp(6),
        id bigint generated by default as identity,
        reasoning varchar(2000),
        change_direction varchar(255) check (change_direction in ('INCREASE','DECREASE','HOLD')),
        product_id varchar(255),
        status varchar(255) check (status in ('PENDING','ACCEPTED','REJECTED')),
        trigger_reason varchar(255) check (trigger_reason in ('INITIAL','INVENTORY_LOW','DEMAND_SPIKE','MANUAL')),
        primary key (id)
    )
Hibernate: 
    create table products (
        cost_price numeric(38,2),
        current_price numeric(38,2),
        demand_velocity integer,
        reorder_threshold integer,
        stock_level integer,
        category varchar(255) check (category in ('ELECTRONICS','APPAREL','HOME')),
        id varchar(255) not null,
        name varchar(255),
        sku varchar(255),
        status varchar(255) check (status in ('ACTIVE','PRICE_REVIEW_PENDING','OUT_OF_STOCK')),
        supplier_id varchar(255),
        primary key (id)
    )
Hibernate: 
    create table reorder_suggestions (
        confidence float(53),
        current_stock integer,
        recommended_quantity integer,
        suggested_lead_time_days integer,
        created_at timestamp(6),
        id bigint generated by default as identity,
        reasoning varchar(2000),
        product_id varchar(255),
        status varchar(255) check (status in ('PENDING','ACCEPTED','REJECTED')),
        trigger_reason varchar(255) check (trigger_reason in ('INITIAL','INVENTORY_LOW','DEMAND_SPIKE','MANUAL')),
        primary key (id)
    )
Hibernate: 
    alter table if exists pricing_suggestions 
       add constraint FKjmg7mdn8xogpjjlg9rn6dflfn 
       foreign key (product_id) 
       references products
Hibernate: 
    alter table if exists reorder_suggestions 
       add constraint FK28actidnx0khv82mmo2bfy4hi 
       foreign key (product_id) 
       references products
2026-09-01T11:51:17.803+05:30  INFO 18484 --- [stockpulse] [           main] j.LocalContainerEntityManagerFactoryBean : Initialized JPA EntityManagerFactory for persistence unit 'default'
2026-09-01T11:51:18.941+05:30  WARN 18484 --- [stockpulse] [           main] JpaBaseConfiguration$JpaWebConfiguration : spring.jpa.open-in-view is enabled by default. Therefore, database queries may be performed during view rendering. Explicitly configure spring.jpa.open-in-view to disable this warning
2026-09-01T11:51:19.232+05:30  INFO 18484 --- [stockpulse] [           main] o.s.b.a.h2.H2ConsoleAutoConfiguration    : H2 console available at '/h2-console'. Database available at 'jdbc:h2:mem:stockpulse'
2026-09-01T11:51:19.331+05:30  INFO 18484 --- [stockpulse] [           main] c.s.ai.RecommendationOrchestratorTest    : Started RecommendationOrchestratorTest in 4.628 seconds (process running for 7.005)
Hibernate: 
    select
        p1_0.id,
        p1_0.category,
        p1_0.cost_price,
        p1_0.current_price,
        p1_0.demand_velocity,
        p1_0.name,
        p1_0.reorder_threshold,
        p1_0.sku,
        p1_0.status,
        p1_0.stock_level,
        p1_0.supplier_id 
    from
        products p1_0 
    where
        p1_0.id=?
Hibernate: 
    insert 
    into
        products
        (category, cost_price, current_price, demand_velocity, name, reorder_threshold, sku, status, stock_level, supplier_id, id) 
    values
        (?, ?, ?, ?, ?, ?, ?, ?, ?, ?, ?)
Hibernate: 
    select
        null,
        p1_0.category,
        p1_0.cost_price,
        p1_0.current_price,
        p1_0.demand_velocity,
        p1_0.name,
        p1_0.reorder_threshold,
        p1_0.sku,
        p1_0.status,
        p1_0.stock_level,
        p1_0.supplier_id 
    from
        products p1_0 
    where
        p1_0.id=?
Hibernate: 
    insert 
    into
        pricing_suggestions
        (change_direction, confidence, created_at, current_price, product_id, reasoning, recommended_price, status, trigger_reason, id) 
    values
        (?, ?, ?, ?, ?, ?, ?, ?, ?, default)
Hibernate: 
    select
        ps1_0.id,
        ps1_0.change_direction,
        ps1_0.confidence,
        ps1_0.created_at,
        ps1_0.current_price,
        ps1_0.product_id,
        ps1_0.reasoning,
        ps1_0.recommended_price,
        ps1_0.status,
        ps1_0.trigger_reason 
    from
        pricing_suggestions ps1_0 
    left join
        products p1_0 
            on p1_0.id=ps1_0.product_id 
    where
        p1_0.id=? 
        and ps1_0.status=? 
        and ps1_0.trigger_reason=?
Hibernate: 
    select
        rs1_0.id,
        rs1_0.confidence,
        rs1_0.created_at,
        rs1_0.current_stock,
        rs1_0.product_id,
        rs1_0.reasoning,
        rs1_0.recommended_quantity,
        rs1_0.status,
        rs1_0.suggested_lead_time_days,
        rs1_0.trigger_reason 
    from
        reorder_suggestions rs1_0 
    left join
        products p1_0 
            on p1_0.id=rs1_0.product_id 
    where
        p1_0.id=? 
        and rs1_0.status=? 
        and rs1_0.trigger_reason=?
Running agentic loop for product: TEST-001 due to: INVENTORY_LOW
Hibernate: 
    insert 
    into
        reorder_suggestions
        (confidence, created_at, current_stock, product_id, reasoning, recommended_quantity, status, suggested_lead_time_days, trigger_reason, id) 
    values
        (?, ?, ?, ?, ?, ?, ?, ?, ?, default)
Hibernate: 
    update
        products 
    set
        category=?,
        cost_price=?,
        current_price=?,
        demand_velocity=?,
        name=?,
        reorder_threshold=?,
        sku=?,
        status=?,
        stock_level=?,
        supplier_id=? 
    where
        id=?
Hibernate: 
    select
        ps1_0.id,
        ps1_0.change_direction,
        ps1_0.confidence,
        ps1_0.created_at,
        ps1_0.current_price,
        ps1_0.product_id,
        ps1_0.reasoning,
        ps1_0.recommended_price,
        ps1_0.status,
        ps1_0.trigger_reason 
    from
        pricing_suggestions ps1_0 
    left join
        products p1_0 
            on p1_0.id=ps1_0.product_id 
    where
        p1_0.id=? 
        and ps1_0.status=? 
        and ps1_0.trigger_reason=?
Hibernate: 
    select
        rs1_0.id,
        rs1_0.confidence,
        rs1_0.created_at,
        rs1_0.current_stock,
        rs1_0.product_id,
        rs1_0.reasoning,
        rs1_0.recommended_quantity,
        rs1_0.status,
        rs1_0.suggested_lead_time_days,
        rs1_0.trigger_reason 
    from
        reorder_suggestions rs1_0 
    left join
        products p1_0 
            on p1_0.id=rs1_0.product_id 
    where
        p1_0.id=? 
        and rs1_0.status=? 
        and rs1_0.trigger_reason=?
]]></system-out>
    <system-err><![CDATA[[AI Advisor Error] Falling back to rules. Reason: API key not configured
]]></system-err>
  </testcase>
  <testcase name="testDifferentTriggersDoNotSuppressEachOther" classname="com.stockpulse.ai.RecommendationOrchestratorTest" time="0.032">
    <system-out><![CDATA[Hibernate: 
    select
        p1_0.id,
        p1_0.category,
        p1_0.cost_price,
        p1_0.current_price,
        p1_0.demand_velocity,
        p1_0.name,
        p1_0.reorder_threshold,
        p1_0.sku,
        p1_0.status,
        p1_0.stock_level,
        p1_0.supplier_id 
    from
        products p1_0 
    where
        p1_0.id=?
Hibernate: 
    insert 
    into
        products
        (category, cost_price, current_price, demand_velocity, name, reorder_threshold, sku, status, stock_level, supplier_id, id) 
    values
        (?, ?, ?, ?, ?, ?, ?, ?, ?, ?, ?)
Hibernate: 
    select
        null,
        p1_0.category,
        p1_0.cost_price,
        p1_0.current_price,
        p1_0.demand_velocity,
        p1_0.name,
        p1_0.reorder_threshold,
        p1_0.sku,
        p1_0.status,
        p1_0.stock_level,
        p1_0.supplier_id 
    from
        products p1_0 
    where
        p1_0.id=?
Hibernate: 
    insert 
    into
        pricing_suggestions
        (change_direction, confidence, created_at, current_price, product_id, reasoning, recommended_price, status, trigger_reason, id) 
    values
        (?, ?, ?, ?, ?, ?, ?, ?, ?, default)
Hibernate: 
    insert 
    into
        reorder_suggestions
        (confidence, created_at, current_stock, product_id, reasoning, recommended_quantity, status, suggested_lead_time_days, trigger_reason, id) 
    values
        (?, ?, ?, ?, ?, ?, ?, ?, ?, default)
Hibernate: 
    select
        ps1_0.id,
        ps1_0.change_direction,
        ps1_0.confidence,
        ps1_0.created_at,
        ps1_0.current_price,
        ps1_0.product_id,
        ps1_0.reasoning,
        ps1_0.recommended_price,
        ps1_0.status,
        ps1_0.trigger_reason 
    from
        pricing_suggestions ps1_0 
    left join
        products p1_0 
            on p1_0.id=ps1_0.product_id 
    where
        p1_0.id=? 
        and ps1_0.status=? 
        and ps1_0.trigger_reason=?
Hibernate: 
    select
        rs1_0.id,
        rs1_0.confidence,
        rs1_0.created_at,
        rs1_0.current_stock,
        rs1_0.product_id,
        rs1_0.reasoning,
        rs1_0.recommended_quantity,
        rs1_0.status,
        rs1_0.suggested_lead_time_days,
        rs1_0.trigger_reason 
    from
        reorder_suggestions rs1_0 
    left join
        products p1_0 
            on p1_0.id=rs1_0.product_id 
    where
        p1_0.id=? 
        and rs1_0.status=? 
        and rs1_0.trigger_reason=?
Running agentic loop for product: TEST-001 due to: DEMAND_SPIKE
Hibernate: 
    insert 
    into
        pricing_suggestions
        (change_direction, confidence, created_at, current_price, product_id, reasoning, recommended_price, status, trigger_reason, id) 
    values
        (?, ?, ?, ?, ?, ?, ?, ?, ?, default)
Hibernate: 
    insert 
    into
        reorder_suggestions
        (confidence, created_at, current_stock, product_id, reasoning, recommended_quantity, status, suggested_lead_time_days, trigger_reason, id) 
    values
        (?, ?, ?, ?, ?, ?, ?, ?, ?, default)
Hibernate: 
    update
        products 
    set
        category=?,
        cost_price=?,
        current_price=?,
        demand_velocity=?,
        name=?,
        reorder_threshold=?,
        sku=?,
        status=?,
        stock_level=?,
        supplier_id=? 
    where
        id=?
Hibernate: 
    select
        ps1_0.id,
        ps1_0.change_direction,
        ps1_0.confidence,
        ps1_0.created_at,
        ps1_0.current_price,
        ps1_0.product_id,
        ps1_0.reasoning,
        ps1_0.recommended_price,
        ps1_0.status,
        ps1_0.trigger_reason 
    from
        pricing_suggestions ps1_0 
    left join
        products p1_0 
            on p1_0.id=ps1_0.product_id 
    where
        p1_0.id=? 
        and ps1_0.status=? 
        and ps1_0.trigger_reason=?
Hibernate: 
    select
        rs1_0.id,
        rs1_0.confidence,
        rs1_0.created_at,
        rs1_0.current_stock,
        rs1_0.product_id,
        rs1_0.reasoning,
        rs1_0.recommended_quantity,
        rs1_0.status,
        rs1_0.suggested_lead_time_days,
        rs1_0.trigger_reason 
    from
        reorder_suggestions rs1_0 
    left join
        products p1_0 
            on p1_0.id=rs1_0.product_id 
    where
        p1_0.id=? 
        and rs1_0.status=? 
        and rs1_0.trigger_reason=?
]]></system-out>
    <system-err><![CDATA[[AI Advisor Error] Falling back to rules. Reason: API key not configured
]]></system-err>
  </testcase>
</testsuite>